{"@timestamp":"2023-01-16T12:43:17.319+01:00","@version":"1","message":"{:actor \"Belbo\", :foucaults-pendulum 0.640843257335085}","logger_name":"controller","thread_name":"main","level":"WARN","level_value":30000}
{"@timestamp":"2023-01-16T12:43:19.012+01:00","@version":"1","message":"{:actor \"Belbo\", :foucaults-pendulum 0.4048099262981013}","logger_name":"logic","thread_name":"main","level":"INFO","level_value":20000}
{"@timestamp":"2023-01-16T12:43:20.6+01:00","@version":"1","message":"{:actor \"Belbo\", :foucaults-pendulum 0.09275062920905619}","logger_name":"adapter","thread_name":"main","level":"INFO","level_value":20000}
{"@timestamp":"2023-01-16T12:43:21.317+01:00","@version":"1","message":"{:subject \"Knights Templar\", :input :abulafia}","logger_name":"logic","thread_name":"main","level":"INFO","level_value":20000}
{"@timestamp":"2023-01-16T12:43:22.009+01:00","@version":"1","message":"{:telluric-currents 0.3479647800101252, :actor \"Casabuon\"}","logger_name":"logic","thread_name":"main","level":"INFO","level_value":20000}
{"@timestamp":"2023-01-16T12:43:23.367+01:00","@version":"1","message":"{:subject \"Knights Templar\", :input :abulafia}","logger_name":"logic","thread_name":"main","level":"ERROR","level_value":40000}
{"@timestamp":"2023-01-16T12:43:25.842+01:00","@version":"1","message":"{:telluric-currents 0.1876862851056077, :actor \"Casabuon\"}","logger_name":"adapter","thread_name":"main","level":"WARN","level_value":30000}
{"@timestamp":"2023-01-16T12:43:27.942+01:00","@version":"1","message":"{:telluric-currents 0.37682390395182297, :actor \"Casabuon\"}","logger_name":"adapter","thread_name":"main","level":"ERROR","level_value":40000}
{"@timestamp":"2023-01-16T12:43:30.069+01:00","@version":"1","message":"{:actor \"Belbo\", :foucaults-pendulum 0.7484667079042814}","logger_name":"adapter","thread_name":"main","level":"WARN","level_value":30000}
{"@timestamp":"2023-01-16T12:43:32.074+01:00","@version":"1","message":"{:actor \"Belbo\", :foucaults-pendulum 0.633854729595656}","logger_name":"controller","thread_name":"main","level":"INFO","level_value":20000}
{"@timestamp":"2023-01-16T12:43:33.561+01:00","@version":"1","message":"{:actor \"Belbo\", :foucaults-pendulum 0.6713329785997655}","logger_name":"adapter","thread_name":"main","level":"INFO","level_value":20000}
{"@timestamp":"2023-01-16T12:43:34.147+01:00","@version":"1","message":"{:actor \"Belbo\", :foucaults-pendulum 0.021000052176604722}","logger_name":"logic","thread_name":"main","level":"INFO","level_value":20000}
{"@timestamp":"2023-01-16T12:43:35.684+01:00","@version":"1","message":"{:subject \"Knights Templar\", :input :abulafia}","logger_name":"adapter","thread_name":"main","level":"ERROR","level_value":40000}
{"@timestamp":"2023-01-16T12:43:37.62+01:00","@version":"1","message":"{:telluric-currents 0.16065509338736028, :actor \"Casabuon\"}","logger_name":"controller","thread_name":"main","level":"WARN","level_value":30000}
{"@timestamp":"2023-01-16T12:43:39.957+01:00","@version":"1","message":"{:subject \"Knights Templar\", :input :abulafia}","logger_name":"adapter","thread_name":"main","level":"WARN","level_value":30000}
{"@timestamp":"2023-01-16T12:43:42.234+01:00","@version":"1","message":"{:telluric-currents 0.18791180326112678, :actor \"Casabuon\"}","logger_name":"logic","thread_name":"main","level":"ERROR","level_value":40000}
{"@timestamp":"2023-01-16T12:43:43.964+01:00","@version":"1","message":"{:subject \"Knights Templar\", :input :abulafia}","logger_name":"adapter","thread_name":"main","level":"INFO","level_value":20000}
{"@timestamp":"2023-01-16T12:43:45.841+01:00","@version":"1","message":"{:subject \"Knights Templar\", :input :abulafia}","logger_name":"adapter","thread_name":"main","level":"WARN","level_value":30000}
{"@timestamp":"2023-01-16T12:43:47.138+01:00","@version":"1","message":"{:telluric-currents 0.4237566931717929, :actor \"Casabuon\"}","logger_name":"adapter","thread_name":"main","level":"ERROR","level_value":40000}
{"@timestamp":"2023-01-16T12:43:48.556+01:00","@version":"1","message":"{:actor \"Belbo\", :foucaults-pendulum 0.9828295885468764}","logger_name":"controller","thread_name":"main","level":"ERROR","level_value":40000}
{"@timestamp":"2023-01-16T12:43:50.012+01:00","@version":"1","message":"{:subject \"Knights Templar\", :input :abulafia}","logger_name":"controller","thread_name":"main","level":"INFO","level_value":20000}
{"@timestamp":"2023-01-16T12:43:51.078+01:00","@version":"1","message":"{:subject \"Knights Templar\", :input :abulafia}","logger_name":"logic","thread_name":"main","level":"WARN","level_value":30000}
{"@timestamp":"2023-01-16T12:43:52.255+01:00","@version":"1","message":"{:actor \"Belbo\", :foucaults-pendulum 0.505157241388212}","logger_name":"controller","thread_name":"main","level":"INFO","level_value":20000}
{"@timestamp":"2023-01-16T12:43:54.223+01:00","@version":"1","message":"{:actor \"Belbo\", :foucaults-pendulum 0.8504521676626694}","logger_name":"controller","thread_name":"main","level":"ERROR","level_value":40000}
{"@timestamp":"2023-01-16T12:43:55.752+01:00","@version":"1","message":"{:telluric-currents 0.8973763871348089, :actor \"Casabuon\"}","logger_name":"logic","thread_name":"main","level":"INFO","level_value":20000}
{"@timestamp":"2023-01-16T12:43:58.237+01:00","@version":"1","message":"{:subject \"Knights Templar\", :input :abulafia}","logger_name":"logic","thread_name":"main","level":"ERROR","level_value":40000}
{"@timestamp":"2023-01-16T12:44:00.52+01:00","@version":"1","message":"{:actor \"Belbo\", :foucaults-pendulum 0.9841798925760088}","logger_name":"controller","thread_name":"main","level":"WARN","level_value":30000}
{"@timestamp":"2023-01-16T12:44:01.777+01:00","@version":"1","message":"{:telluric-currents 0.7545386188956508, :actor \"Casabuon\"}","logger_name":"controller","thread_name":"main","level":"INFO","level_value":20000}
{"@timestamp":"2023-01-16T12:44:02.655+01:00","@version":"1","message":"{:telluric-currents 0.2844016540657244, :actor \"Casabuon\"}","logger_name":"controller","thread_name":"main","level":"WARN","level_value":30000}
{"@timestamp":"2023-01-16T12:44:04.883+01:00","@version":"1","message":"{:telluric-currents 0.6389167701780619, :actor \"Casabuon\"}","logger_name":"controller","thread_name":"main","level":"INFO","level_value":20000}
{"@timestamp":"2023-01-16T12:44:06.308+01:00","@version":"1","message":"{:subject \"Knights Templar\", :input :abulafia}","logger_name":"adapter","thread_name":"main","level":"INFO","level_value":20000}
{"@timestamp":"2023-01-16T12:44:07.205+01:00","@version":"1","message":"{:subject \"Knights Templar\", :input :abulafia}","logger_name":"controller","thread_name":"main","level":"INFO","level_value":20000}
{"@timestamp":"2023-01-16T12:44:09.129+01:00","@version":"1","message":"{:telluric-currents 0.5462912162762766, :actor \"Casabuon\"}","logger_name":"logic","thread_name":"main","level":"INFO","level_value":20000}
{"@timestamp":"2023-01-16T12:44:11.539+01:00","@version":"1","message":"{:subject \"Knights Templar\", :input :abulafia}","logger_name":"controller","thread_name":"main","level":"INFO","level_value":20000}
{"@timestamp":"2023-01-16T12:44:12.123+01:00","@version":"1","message":"{:actor \"Belbo\", :foucaults-pendulum 0.08585947668519345}","logger_name":"adapter","thread_name":"main","level":"WARN","level_value":30000}
{"@timestamp":"2023-01-16T12:44:12.836+01:00","@version":"1","message":"{:telluric-currents 0.6519572210541974, :actor \"Casabuon\"}","logger_name":"adapter","thread_name":"main","level":"ERROR","level_value":40000}
{"@timestamp":"2023-01-16T12:44:13.873+01:00","@version":"1","message":"{:telluric-currents 0.36716151587310597, :actor \"Casabuon\"}","logger_name":"adapter","thread_name":"main","level":"INFO","level_value":20000}
{"@timestamp":"2023-01-16T12:44:15.522+01:00","@version":"1","message":"{:actor \"Belbo\", :foucaults-pendulum 0.6458831494993296}","logger_name":"adapter","thread_name":"main","level":"ERROR","level_value":40000}
{"@timestamp":"2023-01-16T12:44:16.8+01:00","@version":"1","message":"{:telluric-currents 0.06805401735949823, :actor \"Casabuon\"}","logger_name":"adapter","thread_name":"main","level":"ERROR","level_value":40000}
{"@timestamp":"2023-01-16T12:44:18.668+01:00","@version":"1","message":"{:actor \"Belbo\", :foucaults-pendulum 0.6849268450513497}","logger_name":"controller","thread_name":"main","level":"WARN","level_value":30000}
{"@timestamp":"2023-01-16T12:44:21.155+01:00","@version":"1","message":"{:actor \"Belbo\", :foucaults-pendulum 0.05227477907155487}","logger_name":"controller","thread_name":"main","level":"ERROR","level_value":40000}
{"@timestamp":"2023-01-16T12:44:22.663+01:00","@version":"1","message":"{:actor \"Belbo\", :foucaults-pendulum 0.003563674537086725}","logger_name":"logic","thread_name":"main","level":"ERROR","level_value":40000}
{"@timestamp":"2023-01-16T12:44:23.945+01:00","@version":"1","message":"{:subject \"Knights Templar\", :input :abulafia}","logger_name":"controller","thread_name":"main","level":"WARN","level_value":30000}
{"@timestamp":"2023-01-16T12:44:25.829+01:00","@version":"1","message":"{:actor \"Belbo\", :foucaults-pendulum 0.23047064588297694}","logger_name":"logic","thread_name":"main","level":"INFO","level_value":20000}
{"@timestamp":"2023-01-16T12:44:26.497+01:00","@version":"1","message":"{:subject \"Knights Templar\", :input :abulafia}","logger_name":"controller","thread_name":"main","level":"INFO","level_value":20000}
{"@timestamp":"2023-01-16T12:44:28.427+01:00","@version":"1","message":"{:actor \"Belbo\", :foucaults-pendulum 0.7088662520321805}","logger_name":"adapter","thread_name":"main","level":"INFO","level_value":20000}
{"@timestamp":"2023-01-16T12:44:29.133+01:00","@version":"1","message":"{:actor \"Belbo\", :foucaults-pendulum 0.5309650413444037}","logger_name":"logic","thread_name":"main","level":"WARN","level_value":30000}
{"@timestamp":"2023-01-16T12:44:29.956+01:00","@version":"1","message":"{:telluric-currents 0.3852025700759616, :actor \"Casabuon\"}","logger_name":"logic","thread_name":"main","level":"ERROR","level_value":40000}
{"@timestamp":"2023-01-16T12:44:31.926+01:00","@version":"1","message":"{:actor \"Belbo\", :foucaults-pendulum 0.9764189288776954}","logger_name":"controller","thread_name":"main","level":"INFO","level_value":20000}
{"@timestamp":"2023-01-16T12:44:32.98+01:00","@version":"1","message":"{:actor \"Belbo\", :foucaults-pendulum 0.5788744440529028}","logger_name":"logic","thread_name":"main","level":"ERROR","level_value":40000}
{"@timestamp":"2023-01-16T12:44:34.079+01:00","@version":"1","message":"{:telluric-currents 0.5658488989409621, :actor \"Casabuon\"}","logger_name":"logic","thread_name":"main","level":"ERROR","level_value":40000}
{"@timestamp":"2023-01-16T12:44:36.351+01:00","@version":"1","message":"{:subject \"Knights Templar\", :input :abulafia}","logger_name":"controller","thread_name":"main","level":"ERROR","level_value":40000}
{"@timestamp":"2023-01-16T12:44:38.442+01:00","@version":"1","message":"{:actor \"Belbo\", :foucaults-pendulum 0.9541414538972582}","logger_name":"logic","thread_name":"main","level":"ERROR","level_value":40000}
{"@timestamp":"2023-01-16T12:44:39.891+01:00","@version":"1","message":"{:subject \"Knights Templar\", :input :abulafia}","logger_name":"logic","thread_name":"main","level":"INFO","level_value":20000}
{"@timestamp":"2023-01-16T12:44:41.482+01:00","@version":"1","message":"{:telluric-currents 0.6320699191139239, :actor \"Casabuon\"}","logger_name":"logic","thread_name":"main","level":"WARN","level_value":30000}
{"@timestamp":"2023-01-16T12:44:42.873+01:00","@version":"1","message":"{:actor \"Belbo\", :foucaults-pendulum 0.4086541887088787}","logger_name":"adapter","thread_name":"main","level":"ERROR","level_value":40000}
{"@timestamp":"2023-01-16T12:44:44.067+01:00","@version":"1","message":"{:subject \"Knights Templar\", :input :abulafia}","logger_name":"adapter","thread_name":"main","level":"ERROR","level_value":40000}
{"@timestamp":"2023-01-16T12:44:45.211+01:00","@version":"1","message":"{:actor \"Belbo\", :foucaults-pendulum 0.8122237977247486}","logger_name":"adapter","thread_name":"main","level":"INFO","level_value":20000}
{"@timestamp":"2023-01-16T12:44:45.936+01:00","@version":"1","message":"{:telluric-currents 0.4929092666717295, :actor \"Casabuon\"}","logger_name":"controller","thread_name":"main","level":"ERROR","level_value":40000}
{"@timestamp":"2023-01-16T12:44:46.657+01:00","@version":"1","message":"{:telluric-currents 0.9866122750152749, :actor \"Casabuon\"}","logger_name":"logic","thread_name":"main","level":"WARN","level_value":30000}
{"@timestamp":"2023-01-16T12:44:48.309+01:00","@version":"1","message":"{:subject \"Knights Templar\", :input :abulafia}","logger_name":"logic","thread_name":"main","level":"ERROR","level_value":40000}
{"@timestamp":"2023-01-16T12:44:48.819+01:00","@version":"1","message":"{:actor \"Belbo\", :foucaults-pendulum 0.3783604262810597}","logger_name":"logic","thread_name":"main","level":"INFO","level_value":20000}
{"@timestamp":"2023-01-16T12:44:49.821+01:00","@version":"1","message":"{:actor \"Belbo\", :foucaults-pendulum 0.14931832807691592}","logger_name":"adapter","thread_name":"main","level":"WARN","level_value":30000}
{"@timestamp":"2023-01-16T12:44:50.77+01:00","@version":"1","message":"{:telluric-currents 0.7261688939602765, :actor \"Casabuon\"}","logger_name":"adapter","thread_name":"main","level":"WARN","level_value":30000}
{"@timestamp":"2023-01-16T12:44:52.591+01:00","@version":"1","message":"{:actor \"Belbo\", :foucaults-pendulum 0.7605919857909292}","logger_name":"logic","thread_name":"main","level":"ERROR","level_value":40000}
{"@timestamp":"2023-01-16T12:44:54.94+01:00","@version":"1","message":"{:actor \"Belbo\", :foucaults-pendulum 0.839384327578999}","logger_name":"controller","thread_name":"main","level":"ERROR","level_value":40000}
{"@timestamp":"2023-01-16T12:44:56.726+01:00","@version":"1","message":"{:subject \"Knights Templar\", :input :abulafia}","logger_name":"controller","thread_name":"main","level":"INFO","level_value":20000}
{"@timestamp":"2023-01-16T12:44:59.086+01:00","@version":"1","message":"{:actor \"Belbo\", :foucaults-pendulum 0.8502672931489976}","logger_name":"controller","thread_name":"main","level":"INFO","level_value":20000}
{"@timestamp":"2023-01-16T12:45:00.661+01:00","@version":"1","message":"{:actor \"Belbo\", :foucaults-pendulum 0.9672602701132496}","logger_name":"adapter","thread_name":"main","level":"WARN","level_value":30000}
{"@timestamp":"2023-01-16T12:45:01.918+01:00","@version":"1","message":"{:telluric-currents 0.9771861797421622, :actor \"Casabuon\"}","logger_name":"logic","thread_name":"main","level":"WARN","level_value":30000}
{"@timestamp":"2023-01-16T12:45:02.515+01:00","@version":"1","message":"{:subject \"Knights Templar\", :input :abulafia}","logger_name":"controller","thread_name":"main","level":"WARN","level_value":30000}
{"@timestamp":"2023-01-16T12:45:03.704+01:00","@version":"1","message":"{:actor \"Belbo\", :foucaults-pendulum 0.5643754263027192}","logger_name":"adapter","thread_name":"main","level":"WARN","level_value":30000}
{"@timestamp":"2023-01-16T12:45:05.723+01:00","@version":"1","message":"{:actor \"Belbo\", :foucaults-pendulum 0.03707322654965728}","logger_name":"controller","thread_name":"main","level":"ERROR","level_value":40000}
{"@timestamp":"2023-01-16T12:45:06.353+01:00","@version":"1","message":"{:telluric-currents 0.4546039270146168, :actor \"Casabuon\"}","logger_name":"adapter","thread_name":"main","level":"INFO","level_value":20000}
{"@timestamp":"2023-01-16T12:45:07.786+01:00","@version":"1","message":"{:telluric-currents 0.27214217090727133, :actor \"Casabuon\"}","logger_name":"logic","thread_name":"main","level":"INFO","level_value":20000}
{"@timestamp":"2023-01-16T12:45:09.336+01:00","@version":"1","message":"{:telluric-currents 0.4247847770201745, :actor \"Casabuon\"}","logger_name":"adapter","thread_name":"main","level":"ERROR","level_value":40000}
{"@timestamp":"2023-01-16T12:45:11.515+01:00","@version":"1","message":"{:subject \"Knights Templar\", :input :abulafia}","logger_name":"logic","thread_name":"main","level":"WARN","level_value":30000}
{"@timestamp":"2023-01-16T12:45:13.856+01:00","@version":"1","message":"{:subject \"Knights Templar\", :input :abulafia}","logger_name":"adapter","thread_name":"main","level":"INFO","level_value":20000}
{"@timestamp":"2023-01-16T12:45:15.015+01:00","@version":"1","message":"{:actor \"Belbo\", :foucaults-pendulum 0.29651417448487727}","logger_name":"controller","thread_name":"main","level":"INFO","level_value":20000}
{"@timestamp":"2023-01-16T12:45:17.217+01:00","@version":"1","message":"{:actor \"Belbo\", :foucaults-pendulum 0.7681942049950631}","logger_name":"logic","thread_name":"main","level":"WARN","level_value":30000}
{"@timestamp":"2023-01-16T12:45:19.211+01:00","@version":"1","message":"{:telluric-currents 0.3636115848658713, :actor \"Casabuon\"}","logger_name":"logic","thread_name":"main","level":"ERROR","level_value":40000}
{"@timestamp":"2023-01-16T12:45:19.723+01:00","@version":"1","message":"{:telluric-currents 0.026140533081807082, :actor \"Casabuon\"}","logger_name":"controller","thread_name":"main","level":"INFO","level_value":20000}
{"@timestamp":"2023-01-16T12:45:21.302+01:00","@version":"1","message":"{:actor \"Belbo\", :foucaults-pendulum 0.7080072960367226}","logger_name":"adapter","thread_name":"main","level":"INFO","level_value":20000}
{"@timestamp":"2023-01-16T12:45:23.134+01:00","@version":"1","message":"{:actor \"Belbo\", :foucaults-pendulum 0.6180766576787671}","logger_name":"logic","thread_name":"main","level":"WARN","level_value":30000}
{"@timestamp":"2023-01-16T12:45:24.622+01:00","@version":"1","message":"{:telluric-currents 0.7278492707065325, :actor \"Casabuon\"}","logger_name":"adapter","thread_name":"main","level":"ERROR","level_value":40000}
{"@timestamp":"2023-01-16T12:45:25.973+01:00","@version":"1","message":"{:actor \"Belbo\", :foucaults-pendulum 0.6903818774409013}","logger_name":"logic","thread_name":"main","level":"WARN","level_value":30000}
{"@timestamp":"2023-01-16T12:45:27.241+01:00","@version":"1","message":"{:actor \"Belbo\", :foucaults-pendulum 0.2089894936796861}","logger_name":"controller","thread_name":"main","level":"WARN","level_value":30000}
{"@timestamp":"2023-01-16T12:45:28.301+01:00","@version":"1","message":"{:subject \"Knights Templar\", :input :abulafia}","logger_name":"logic","thread_name":"main","level":"INFO","level_value":20000}
{"@timestamp":"2023-01-16T12:45:30.709+01:00","@version":"1","message":"{:subject \"Knights Templar\", :input :abulafia}","logger_name":"controller","thread_name":"main","level":"WARN","level_value":30000}
{"@timestamp":"2023-01-16T12:45:32.229+01:00","@version":"1","message":"{:actor \"Belbo\", :foucaults-pendulum 0.18435514631330419}","logger_name":"logic","thread_name":"main","level":"ERROR","level_value":40000}
{"@timestamp":"2023-01-16T12:45:33.979+01:00","@version":"1","message":"{:subject \"Knights Templar\", :input :abulafia}","logger_name":"controller","thread_name":"main","level":"INFO","level_value":20000}
{"@timestamp":"2023-01-16T12:45:35.884+01:00","@version":"1","message":"{:subject \"Knights Templar\", :input :abulafia}","logger_name":"adapter","thread_name":"main","level":"WARN","level_value":30000}
{"@timestamp":"2023-01-16T12:45:37.098+01:00","@version":"1","message":"{:subject \"Knights Templar\", :input :abulafia}","logger_name":"adapter","thread_name":"main","level":"WARN","level_value":30000}
{"@timestamp":"2023-01-16T12:45:39.089+01:00","@version":"1","message":"{:subject \"Knights Templar\", :input :abulafia}","logger_name":"logic","thread_name":"main","level":"ERROR","level_value":40000}
{"@timestamp":"2023-01-16T12:45:40.193+01:00","@version":"1","message":"{:actor \"Belbo\", :foucaults-pendulum 0.5455040780046622}","logger_name":"adapter","thread_name":"main","level":"ERROR","level_value":40000}
{"@timestamp":"2023-01-16T12:45:42.097+01:00","@version":"1","message":"{:actor \"Belbo\", :foucaults-pendulum 0.5398126826251393}","logger_name":"controller","thread_name":"main","level":"ERROR","level_value":40000}
{"@timestamp":"2023-01-16T12:45:42.794+01:00","@version":"1","message":"{:telluric-currents 0.266289918533799, :actor \"Casabuon\"}","logger_name":"adapter","thread_name":"main","level":"ERROR","level_value":40000}
{"@timestamp":"2023-01-16T12:45:43.651+01:00","@version":"1","message":"{:telluric-currents 0.5459650954565619, :actor \"Casabuon\"}","logger_name":"adapter","thread_name":"main","level":"ERROR","level_value":40000}
{"@timestamp":"2023-01-16T12:45:44.24+01:00","@version":"1","message":"{:subject \"Knights Templar\", :input :abulafia}","logger_name":"adapter","thread_name":"main","level":"ERROR","level_value":40000}
{"@timestamp":"2023-01-16T12:45:44.831+01:00","@version":"1","message":"{:telluric-currents 0.5932666976723632, :actor \"Casabuon\"}","logger_name":"logic","thread_name":"main","level":"ERROR","level_value":40000}
{"@timestamp":"2023-01-16T12:45:46.964+01:00","@version":"1","message":"{:subject \"Knights Templar\", :input :abulafia}","logger_name":"controller","thread_name":"main","level":"WARN","level_value":30000}
{"@timestamp":"2023-01-16T12:45:47.998+01:00","@version":"1","message":"{:actor \"Belbo\", :foucaults-pendulum 0.5013141467655886}","logger_name":"controller","thread_name":"main","level":"WARN","level_value":30000}
{"@timestamp":"2023-01-16T12:45:50.379+01:00","@version":"1","message":"{:actor \"Belbo\", :foucaults-pendulum 0.984295392541099}","logger_name":"controller","thread_name":"main","level":"INFO","level_value":20000}
{"@timestamp":"2023-01-16T12:45:50.935+01:00","@version":"1","message":"{:subject \"Knights Templar\", :input :abulafia}","logger_name":"adapter","thread_name":"main","level":"INFO","level_value":20000}
{"@timestamp":"2023-01-16T12:45:53.178+01:00","@version":"1","message":"{:telluric-currents 0.9112794726634793, :actor \"Casabuon\"}","logger_name":"controller","thread_name":"main","level":"INFO","level_value":20000}
{"@timestamp":"2023-01-16T12:45:54.542+01:00","@version":"1","message":"{:subject \"Knights Templar\", :input :abulafia}","logger_name":"adapter","thread_name":"main","level":"ERROR","level_value":40000}
{"@timestamp":"2023-01-16T12:45:55.523+01:00","@version":"1","message":"{:actor \"Belbo\", :foucaults-pendulum 0.7447074520784166}","logger_name":"logic","thread_name":"main","level":"ERROR","level_value":40000}
{"@timestamp":"2023-01-16T12:45:57.33+01:00","@version":"1","message":"{:subject \"Knights Templar\", :input :abulafia}","logger_name":"controller","thread_name":"main","level":"ERROR","level_value":40000}
{"@timestamp":"2023-01-16T12:45:59.169+01:00","@version":"1","message":"{:subject \"Knights Templar\", :input :abulafia}","logger_name":"controller","thread_name":"main","level":"WARN","level_value":30000}
{"@timestamp":"2023-01-16T12:46:01.175+01:00","@version":"1","message":"{:subject \"Knights Templar\", :input :abulafia}","logger_name":"adapter","thread_name":"main","level":"ERROR","level_value":40000}
